0 info it worked if it ends with ok
1 verbose cli [ 'D:\\Program Files\\nodejs\\node.exe',
1 verbose cli   'D:\\Program Files\\nodejs\\node_modules\\npm\\bin\\npm-cli.js',
1 verbose cli   'start' ]
2 info using npm@3.10.8
3 info using node@v6.9.1
4 verbose run-script [ 'prestart', 'start', 'poststart' ]
5 info lifecycle segment@0.0.0~prestart: segment@0.0.0
6 silly lifecycle segment@0.0.0~prestart: no script for prestart, continuing
7 info lifecycle segment@0.0.0~start: segment@0.0.0
8 verbose lifecycle segment@0.0.0~start: unsafe-perm in lifecycle true
9 verbose lifecycle segment@0.0.0~start: PATH: D:\Program Files\nodejs\node_modules\npm\bin\node-gyp-bin;E:\workspace\5704\segment\node_modules\.bin;C:\WINDOWS\system32;C:\WINDOWS;C:\WINDOWS\System32\Wbem;C:\WINDOWS\System32\WindowsPowerShell\v1.0\;D:\Program Files (x86)\Microsoft Visual Studio\Common\MSDev98\Bin\;d:\Program Files\MATLAB\R2014a\runtime\win64;d:\Program Files\MATLAB\R2014a\bin;d:\Program Files\MATLAB\R2014a\polyspace\bin;D:\Program Files\nodejs\;D:\Program\php-5.6.30;D:\Program\php-5.6.30\ext;D:\Program Files (x86)\Python;D:\Program Files (x86)\Python\Scripts;D:\Program Files (x86)\Microsoft Visual Studio\Common\Tools\WinNT;D:\Program Files (x86)\Microsoft Visual Studio\Common\MSDev98\Bin;D:\Program Files (x86)\Microsoft Visual Studio\Common\Tools;D:\Program Files (x86)\Microsoft Visual Studio\VC98\bin;C:\Users\summer\AppData\Local\Microsoft\WindowsApps;C:\Users\chunxiong\AppData\Roaming\npm;D:\Program\php-5.6.30;D:\Program\php-5.6.30\ext;D:\Program\php-7.1.5;D:\Program\php-7.1.5\ext;
10 verbose lifecycle segment@0.0.0~start: CWD: E:\workspace\5704\segment
11 silly lifecycle segment@0.0.0~start: Args: [ '/d /s /c', 'node ./bin/www' ]
12 silly lifecycle segment@0.0.0~start: Returned: code: 3221225786  signal: null
13 info lifecycle segment@0.0.0~start: Failed to exec start script
14 verbose stack Error: segment@0.0.0 start: `node ./bin/www`
14 verbose stack Exit status 3221225786
14 verbose stack     at EventEmitter.<anonymous> (D:\Program Files\nodejs\node_modules\npm\lib\utils\lifecycle.js:255:16)
14 verbose stack     at emitTwo (events.js:106:13)
14 verbose stack     at EventEmitter.emit (events.js:191:7)
14 verbose stack     at ChildProcess.<anonymous> (D:\Program Files\nodejs\node_modules\npm\lib\utils\spawn.js:40:14)
14 verbose stack     at emitTwo (events.js:106:13)
14 verbose stack     at ChildProcess.emit (events.js:191:7)
14 verbose stack     at maybeClose (internal/child_process.js:877:16)
14 verbose stack     at Process.ChildProcess._handle.onexit (internal/child_process.js:226:5)
15 verbose pkgid segment@0.0.0
16 verbose cwd E:\workspace\5704\segment
17 error Windows_NT 10.0.16299
18 error argv "D:\\Program Files\\nodejs\\node.exe" "D:\\Program Files\\nodejs\\node_modules\\npm\\bin\\npm-cli.js" "start"
19 error node v6.9.1
20 error npm  v3.10.8
21 error code ELIFECYCLE
22 error segment@0.0.0 start: `node ./bin/www`
22 error Exit status 3221225786
23 error Failed at the segment@0.0.0 start script 'node ./bin/www'.
23 error Make sure you have the latest version of node.js and npm installed.
23 error If you do, this is most likely a problem with the segment package,
23 error not with npm itself.
23 error Tell the author that this fails on your system:
23 error     node ./bin/www
23 error You can get information on how to open an issue for this project with:
23 error     npm bugs segment
23 error Or if that isn't available, you can get their info via:
23 error     npm owner ls segment
23 error There is likely additional logging output above.
24 verbose exit [ 1, true ]
